\BOOKMARK [1][-]{section.1}{\376\377\000P\000r\000o\000p\000\363\000s\000i\000t\000o\000,\000\040\000a\000l\000c\000a\000n\000c\000e\000\040\000y\000\040\000a\000d\000v\000e\000r\000t\000e\000n\000c\000i\000a\000s}{}% 1
\BOOKMARK [2][-]{subsection.1.1}{\376\377\000F\000u\000e\000n\000t\000e\000\040\000d\000e\000\040\000v\000e\000r\000d\000a\000d}{section.1}% 2
\BOOKMARK [2][-]{subsection.1.2}{\376\377\000T\000a\000b\000l\000a\000\040\000d\000e\000\040\000a\000l\000c\000a\000n\000c\000e\000\040\000a\000c\000t\000u\000a\000l}{section.1}% 3
\BOOKMARK [1][-]{section.2}{\376\377\000A\000r\000q\000u\000i\000t\000e\000c\000t\000u\000r\000a\000\040\000d\000e\000l\000\040\000w\000o\000r\000k\000s\000p\000a\000c\000e\000\040\000y\000\040\000f\000l\000u\000j\000o\000\040\000d\000e\000\040\000d\000a\000t\000o\000s}{}% 4
\BOOKMARK [2][-]{subsection.2.1}{\376\377\000R\000e\000s\000p\000o\000n\000s\000a\000b\000i\000l\000i\000d\000a\000d\000e\000s\000\040\000p\000o\000r\000\040\000c\000r\000a\000t\000e}{section.2}% 5
\BOOKMARK [2][-]{subsection.2.2}{\376\377\000F\000l\000u\000j\000o\000\040\000d\000e\000\040\000d\000a\000t\000o\000s\000\040\000r\000e\000a\000l\000\040\000a\000c\000t\000u\000a\000l}{section.2}% 6
\BOOKMARK [2][-]{subsection.2.3}{\376\377\000S\000e\000p\000a\000r\000a\000c\000i\000\363\000n\000\040\000e\000n\000t\000r\000e\000\040\000s\000e\000m\000\341\000n\000t\000i\000c\000a\000\040\000y\000\040\000b\000a\000c\000k\000e\000n\000d}{section.2}% 7
\BOOKMARK [1][-]{section.3}{\376\377\000F\000u\000n\000d\000a\000m\000e\000n\000t\000o\000s\000\040\000m\000a\000t\000e\000m\000\341\000t\000i\000c\000o\000s}{}% 8
\BOOKMARK [2][-]{subsection.3.1}{\376\377\000C\000a\000m\000p\000o\000\040\000b\000a\000s\000e\000\040\000y\000\040\000t\000o\000r\000r\000e\000\040\000d\000e\000\040\000e\000x\000t\000e\000n\000s\000i\000\363\000n}{section.3}% 9
\BOOKMARK [2][-]{subsection.3.2}{\376\377\000C\000u\000r\000v\000a\000s\000,\000\040\000t\000w\000i\000s\000t\000\040\000y\000\040\000r\000e\000p\000r\000e\000s\000e\000n\000t\000a\000c\000i\000o\000n\000e\000s}{section.3}% 10
\BOOKMARK [2][-]{subsection.3.3}{\376\377\000F\000u\000n\000c\000i\000o\000n\000e\000s\000\040\000d\000e\000\040\000l\000\355\000n\000e\000a\000\040\000y\000\040\000e\000m\000b\000e\000d\000d\000i\000n\000g\000\040\000d\000i\000s\000p\000e\000r\000s\000o}{section.3}% 11
\BOOKMARK [2][-]{subsection.3.4}{\376\377\000M\000i\000l\000l\000e\000r\000\040\000l\000o\000o\000p}{section.3}% 12
\BOOKMARK [2][-]{subsection.3.5}{\376\377\000F\000i\000n\000a\000l\000\040\000e\000x\000p\000o\000n\000e\000n\000t\000i\000a\000t\000i\000o\000n}{section.3}% 13
\BOOKMARK [1][-]{section.4}{\376\377\000E\000s\000t\000a\000d\000o\000\040\000i\000m\000p\000l\000e\000m\000e\000n\000t\000a\000d\000o\000\040\000d\000e\000l\000\040\000s\000t\000a\000c\000k\000\040\000c\000r\000i\000p\000t\000o\000g\000r\000\341\000f\000i\000c\000o}{}% 14
\BOOKMARK [2][-]{subsection.4.1}{\376\377\000C\000a\000p\000a\000\040\000d\000e\000\040\000c\000a\000m\000p\000o\000\040\000y\000\040\000e\000x\000t\000e\000n\000s\000i\000o\000n\000e\000s}{section.4}% 15
\BOOKMARK [2][-]{subsection.4.2}{\376\377\000C\000a\000p\000a\000\040\000d\000e\000\040\000c\000u\000r\000v\000a}{section.4}% 16
\BOOKMARK [2][-]{subsection.4.3}{\376\377\000P\000a\000i\000r\000i\000n\000g\000\040\000c\000o\000r\000e}{section.4}% 17
\BOOKMARK [2][-]{subsection.4.4}{\376\377\000S\000l\000i\000c\000e\000\040\000G\000r\000o\000t\000h\0001\0006\000\040\000B\000N\0002\0005\0004}{section.4}% 18
\BOOKMARK [2][-]{subsection.4.5}{\376\377\000O\000u\000t\000e\000r\000\040\000c\000i\000r\000c\000u\000i\000t\000\040\000y\000\040\000b\000a\000c\000k\000e\000n\000d\000\040\000d\000i\000r\000e\000c\000t\000o}{section.4}% 19
\BOOKMARK [1][-]{section.5}{\376\377\000V\000e\000r\000i\000f\000i\000c\000a\000d\000o\000r\000\040\000G\000r\000o\000t\000h\0001\0006\000\040\000B\000N\0002\0005\0004\000\040\000a\000c\000t\000u\000a\000l}{}% 20
\BOOKMARK [2][-]{subsection.5.1}{\376\377\000E\000c\000u\000a\000c\000i\000\363\000n\000\040\000d\000e\000\040\000v\000e\000r\000i\000f\000i\000c\000a\000c\000i\000\363\000n\000\040\000u\000s\000a\000d\000a}{section.5}% 21
\BOOKMARK [2][-]{subsection.5.2}{\376\377\000A\000c\000u\000m\000u\000l\000a\000c\000i\000\363\000n\000\040\000d\000e\000\040\000v\000k\000\137\000x}{section.5}% 22
\BOOKMARK [2][-]{subsection.5.3}{\376\377\000C\000a\000m\000i\000n\000o\000\040\000v\000a\000r\000i\000a\000b\000l\000e\000\040\000y\000\040\000c\000a\000m\000i\000n\000o\000\040\000p\000r\000e\000p\000a\000r\000a\000d\000o\000\040\000c\000o\000n\000s\000t\000a\000n\000t\000e}{section.5}% 23
\BOOKMARK [1][-]{section.6}{\376\377\000H\000i\000s\000t\000o\000r\000i\000a\000l\000\040\000d\000e\000\040\000o\000p\000t\000i\000m\000i\000z\000a\000c\000i\000o\000n\000e\000s\000:\000\040\000r\000e\000t\000e\000n\000i\000d\000a\000s\000,\000\040\000i\000n\000t\000e\000n\000t\000a\000d\000a\000s\000\040\000y\000\040\000d\000e\000s\000c\000a\000r\000t\000a\000d\000a\000s}{}% 24
\BOOKMARK [2][-]{subsection.6.1}{\376\377\000T\000a\000b\000l\000a\000\040\000c\000o\000n\000s\000o\000l\000i\000d\000a\000d\000a}{section.6}% 25
\BOOKMARK [2][-]{subsection.6.2}{\376\377\000C\000a\000d\000e\000n\000a\000\040\000r\000e\000t\000e\000n\000i\000d\000a\000\040\000d\000e\000\040\000e\000x\000p\000\137\000b\000y\000\137\000n\000e\000g\000\137\000x\000\050\000.\000.\000.\000\051}{section.6}% 26
\BOOKMARK [2][-]{subsection.6.3}{\376\377\000T\000a\000b\000l\000a\000\040\000d\000e\000\040\000m\000e\000d\000i\000c\000i\000o\000n\000e\000s\000\040\000c\000l\000a\000v\000e}{section.6}% 27
\BOOKMARK [1][-]{section.7}{\376\377\000B\000l\000o\000q\000u\000e\000o\000\040\000a\000c\000t\000u\000a\000l\000\040\000y\000\040\000c\000a\000m\000i\000n\000o\000\040\000p\000a\000r\000a\000\040\000d\000e\000s\000t\000r\000a\000b\000a\000r\000\040\000e\000l\000\040\000p\000r\000o\000y\000e\000c\000t\000o}{}% 28
\BOOKMARK [2][-]{subsection.7.1}{\376\377\000D\000i\000a\000g\000n\000\363\000s\000t\000i\000c\000o\000\040\000o\000p\000e\000r\000a\000t\000i\000v\000o\000\040\000a\000c\000t\000u\000a\000l}{section.7}% 29
\BOOKMARK [2][-]{subsection.7.2}{\376\377\000L\000o\000\040\000y\000a\000\040\000r\000e\000s\000u\000e\000l\000t\000o}{section.7}% 30
\BOOKMARK [2][-]{subsection.7.3}{\376\377\000L\000o\000\040\000p\000a\000r\000c\000i\000a\000l\000m\000e\000n\000t\000e\000\040\000r\000e\000s\000u\000e\000l\000t\000o}{section.7}% 31
\BOOKMARK [2][-]{subsection.7.4}{\376\377\000L\000o\000\040\000n\000o\000\040\000r\000e\000s\000u\000e\000l\000t\000o}{section.7}% 32
\BOOKMARK [1][-]{section.8}{\376\377\000P\000l\000a\000n\000\040\000d\000e\000\040\000a\000c\000c\000i\000\363\000n\000\040\000p\000r\000i\000o\000r\000i\000z\000a\000d\000o\000\040\000p\000a\000r\000a\000\040\000d\000e\000s\000t\000r\000a\000b\000e}{}% 33
\BOOKMARK [1][-]{section.9}{\376\377\000R\000e\000p\000r\000o\000d\000u\000c\000i\000b\000i\000l\000i\000d\000a\000d}{}% 34
\BOOKMARK [2][-]{subsection.9.1}{\376\377\000F\000i\000x\000t\000u\000r\000e\000s\000\040\000d\000e\000\040\000r\000e\000f\000e\000r\000e\000n\000c\000i\000a}{section.9}% 35
\BOOKMARK [2][-]{subsection.9.2}{\376\377\000C\000o\000m\000a\000n\000d\000o\000s\000\040\000c\000l\000a\000v\000e\000\040\000d\000e\000\040\000C\000L\000I}{section.9}% 36
\BOOKMARK [2][-]{subsection.9.3}{\376\377\000R\000e\000g\000l\000a\000\040\000d\000e\000\040\000h\000i\000g\000i\000e\000n\000e\000\040\000d\000e\000\040\000a\000r\000t\000e\000f\000a\000c\000t\000o\000s}{section.9}% 37
\BOOKMARK [1][-]{section.10}{\376\377\000D\000e\000r\000i\000v\000a\000s\000\040\000d\000o\000c\000u\000m\000e\000n\000t\000a\000l\000e\000s\000\040\000d\000e\000t\000e\000c\000t\000a\000d\000a\000s}{}% 38
\BOOKMARK [2][-]{subsection.10.1}{\376\377\000A\000r\000c\000h\000i\000v\000o\000\040\000r\000e\000s\000t\000a\000u\000r\000a\000d\000o}{section.10}% 39
\BOOKMARK [2][-]{subsection.10.2}{\376\377\000D\000o\000c\000u\000m\000e\000n\000t\000o\000\040\000c\000a\000n\000\363\000n\000i\000c\000o\000\040\000d\000e\000\040\000o\000p\000t\000i\000m\000i\000z\000a\000c\000i\000o\000n\000e\000s}{section.10}% 40
\BOOKMARK [2][-]{subsection.10.3}{\376\377\000C\000o\000m\000p\000a\000t\000i\000b\000i\000l\000i\000d\000a\000d\000\040\000p\000a\000r\000a\000\040\000p\000l\000a\000n\000e\000s\000\040\000r\000e\000n\000o\000m\000b\000r\000a\000d\000o\000s}{section.10}% 41
\BOOKMARK [1][-]{section.11}{\376\377\000C\000o\000n\000c\000l\000u\000s\000i\000\363\000n}{}% 42
